<?xml version="1.0" encoding="UTF-8"?>
<!-- Generated by org.testng.reporters.JUnitReportReporter -->
<testsuite hostname="DESKTOP-RHKSQOC" failures="0" tests="1" name="com.tutorialsNinja.TestCases.AddToCartTest" time="6.083" errors="0" timestamp="2024-05-07T13:10:23 EDT" skipped="0">
  <testcase classname="com.tutorialsNinja.TestCases.AddToCartTest" name="validateAddingTheProductToCartFromTheProductsDisplayedIntheCategoryPage" time="6.083"/>
</testsuite> <!-- com.tutorialsNinja.TestCases.AddToCartTest -->
