<?xml version="1.0" encoding="UTF-8"?>
<!-- Generated by org.testng.reporters.JUnitReportReporter -->
<testsuite hostname="DESKTOP-RHKSQOC" failures="0" tests="1" name="com.tutorialsNinja.TestCases.AddToCartTest" time="5.970" errors="0" timestamp="2024-05-03T09:29:13 EDT" skipped="0">
  <testcase classname="com.tutorialsNinja.TestCases.AddToCartTest" name="validateAddingTheProductToCartFromTheProductsDisplayedIntheCategoryPage" time="5.970"/>
</testsuite> <!-- com.tutorialsNinja.TestCases.AddToCartTest -->
