<?xml version="1.0" encoding="UTF-8"?>
<!-- Generated by org.testng.reporters.JUnitReportReporter -->
<testsuite hostname="DESKTOP-RHKSQOC" failures="0" tests="1" name="com.tutorialsNinja.TestCases.CheckOutTest" time="15.875" errors="0" timestamp="2024-05-07T14:37:50 EDT" skipped="0">
  <testcase classname="com.tutorialsNinja.TestCases.CheckOutTest" name="validateNavigatingToCheckoutPageFromShoppingCartPage" time="15.875"/>
</testsuite> <!-- com.tutorialsNinja.TestCases.CheckOutTest -->
